<?xml version="1.0" encoding="UTF-8"?>
<testsuite name="com.Bridgelabz.MoodAnalyzerTest" tests="3" skipped="0" failures="0" errors="0" timestamp="2020-09-22T05:14:45" hostname="DESKTOP-JVE4C36" time="0.004">
  <properties/>
  <testcase name="Message_containsHappy_ReturnHAPPY" classname="com.Bridgelabz.MoodAnalyzerTest" time="0.003"/>
  <testcase name="Message_containsNull_ReturnHAPPY" classname="com.Bridgelabz.MoodAnalyzerTest" time="0.0"/>
  <testcase name="Message_containsSad_ReturnSAD" classname="com.Bridgelabz.MoodAnalyzerTest" time="0.0"/>
  <system-out><![CDATA[]]></system-out>
  <system-err><![CDATA[]]></system-err>
</testsuite>
