<?xml version="1.0" encoding="UTF-8"?>
<testsuite name="com.Bridgelabz.MoodAnalyzerTest" tests="1" skipped="0" failures="0" errors="0" timestamp="2020-09-23T09:26:35" hostname="DESKTOP-JVE4C36" time="0.003">
  <properties/>
  <testcase name="givingMessage_shouldReturnSAD_containsSad" classname="com.Bridgelabz.MoodAnalyzerTest" time="0.003"/>
  <system-out><![CDATA[]]></system-out>
  <system-err><![CDATA[]]></system-err>
</testsuite>
