<?xml version="1.0" encoding="UTF-8"?>
<testsuite name="com.Bridgelabz.MoodAnalyzerTest" tests="2" skipped="0" failures="0" errors="0" timestamp="2020-09-22T04:14:44" hostname="DESKTOP-JVE4C36" time="0.003">
  <properties/>
  <testcase name="Message_containsHappy_ReturnHAPPY" classname="com.Bridgelabz.MoodAnalyzerTest" time="0.002"/>
  <testcase name="Message_containsSad_ReturnSAD" classname="com.Bridgelabz.MoodAnalyzerTest" time="0.0"/>
  <system-out><![CDATA[]]></system-out>
  <system-err><![CDATA[]]></system-err>
</testsuite>
